[0m07:34:01.311346 [debug] [MainThread]: Sending event: {'category': 'dbt', 'action': 'invocation', 'label': 'start', 'context': [<snowplow_tracker.self_describing_json.SelfDescribingJson object at 0x0000022A959FFB60>, <snowplow_tracker.self_describing_json.SelfDescribingJson object at 0x0000022A979FFED0>, <snowplow_tracker.self_describing_json.SelfDescribingJson object at 0x0000022A979FF9D0>]}


============================== 07:34:01.327722 | f9467342-8ab1-4c58-ba61-5b256b4db15c ==============================
[0m07:34:01.327722 [info ] [MainThread]: Running with dbt=1.10.7
[0m07:34:01.328966 [debug] [MainThread]: running dbt with arguments {'printer_width': '80', 'indirect_selection': 'eager', 'write_json': 'True', 'log_cache_events': 'False', 'partial_parse': 'True', 'cache_selected_only': 'False', 'profiles_dir': 'C:\\Users\\ZacRabie\\.dbt', 'version_check': 'True', 'debug': 'False', 'log_path': 'logs', 'fail_fast': 'False', 'warn_error': 'None', 'use_colors': 'True', 'use_experimental_parser': 'False', 'empty': 'None', 'quiet': 'False', 'no_print': 'None', 'warn_error_options': 'WarnErrorOptionsV2(error=[], warn=[], silence=[])', 'introspect': 'True', 'log_format': 'default', 'invocation_command': 'dbt init jaffle_shop', 'target_path': 'None', 'static_parser': 'True', 'send_anonymous_usage_stats': 'True'}
[0m07:34:01.488440 [info ] [MainThread]: Creating dbt configuration folder at C:\Users\ZacRabie\.dbt
[0m07:34:01.495269 [debug] [MainThread]: Starter project path: C:\repositories\dbt-tutorial\.venv\Lib\site-packages\dbt\include\starter_project
[0m07:34:01.544591 [info ] [MainThread]: 
Your new dbt project "jaffle_shop" was created!

For more information on how to configure the profiles.yml file,
please consult the dbt documentation here:

  https://docs.getdbt.com/docs/configure-your-profile

One more thing:

Need help? Don't hesitate to reach out to us via GitHub issues or on Slack:

  https://community.getdbt.com/

Happy modeling!

[0m07:34:01.545374 [info ] [MainThread]: Setting up your profile.
[0m07:35:48.448996 [error] [MainThread]: Encountered an error:

[0m07:35:48.452998 [error] [MainThread]: Traceback (most recent call last):
  File "C:\repositories\dbt-tutorial\.venv\Lib\site-packages\dbt\cli\requires.py", line 178, in wrapper
    result, success = func(*args, **kwargs)
                      ~~~~^^^^^^^^^^^^^^^^^
  File "C:\repositories\dbt-tutorial\.venv\Lib\site-packages\dbt\cli\requires.py", line 128, in wrapper
    return func(*args, **kwargs)
  File "C:\repositories\dbt-tutorial\.venv\Lib\site-packages\dbt\cli\main.py", line 483, in init
    results = task.run()
  File "C:\repositories\dbt-tutorial\.venv\Lib\site-packages\dbt\task\init.py", line 346, in run
    self.setup_profile(profile_name)
    ~~~~~~~~~~~~~~~~~~^^^^^^^^^^^^^^
  File "C:\repositories\dbt-tutorial\.venv\Lib\site-packages\dbt\task\init.py", line 262, in setup_profile
    self.create_profile_from_target(adapter, profile_name=profile_name)
    ~~~~~~~~~~~~~~~~~~~~~~~~~~~~~~~^^^^^^^^^^^^^^^^^^^^^^^^^^^^^^^^^^^^
  File "C:\repositories\dbt-tutorial\.venv\Lib\site-packages\dbt\task\init.py", line 179, in create_profile_from_target
    self.create_profile_from_profile_template(profile_template, profile_name)
    ~~~~~~~~~~~~~~~~~~~~~~~~~~~~~~~~~~~~~~~~~^^^^^^^^^^^^^^^^^^^^^^^^^^^^^^^^
  File "C:\repositories\dbt-tutorial\.venv\Lib\site-packages\dbt\task\init.py", line 163, in create_profile_from_profile_template
    target = self.generate_target_from_input(prompts, initial_target)
  File "C:\repositories\dbt-tutorial\.venv\Lib\site-packages\dbt\task\init.py", line 129, in generate_target_from_input
    target[key] = click.prompt(
                  ~~~~~~~~~~~~^
        text, default=default, hide_input=hide_input, type=type
        ^^^^^^^^^^^^^^^^^^^^^^^^^^^^^^^^^^^^^^^^^^^^^^^^^^^^^^^
    )
    ^
  File "C:\repositories\dbt-tutorial\.venv\Lib\site-packages\click\termui.py", line 168, in prompt
    value = prompt_func(prompt)
  File "C:\repositories\dbt-tutorial\.venv\Lib\site-packages\click\termui.py", line 151, in prompt_func
    raise Abort() from None
click.exceptions.Abort

[0m07:35:48.454842 [debug] [MainThread]: Command `dbt init` failed at 07:35:48.454707 after 107.30 seconds
[0m07:35:48.455146 [debug] [MainThread]: Sending event: {'category': 'dbt', 'action': 'invocation', 'label': 'end', 'context': [<snowplow_tracker.self_describing_json.SelfDescribingJson object at 0x0000022A985C1BA0>, <snowplow_tracker.self_describing_json.SelfDescribingJson object at 0x0000022A985F83B0>, <snowplow_tracker.self_describing_json.SelfDescribingJson object at 0x0000022A985C89E0>]}
[0m07:35:48.455443 [debug] [MainThread]: Flushing usage events
[0m07:35:49.349786 [debug] [MainThread]: An error was encountered while trying to flush usage events
[0m07:37:37.459348 [debug] [MainThread]: Sending event: {'category': 'dbt', 'action': 'invocation', 'label': 'start', 'context': [<snowplow_tracker.self_describing_json.SelfDescribingJson object at 0x000002B4FA403B60>, <snowplow_tracker.self_describing_json.SelfDescribingJson object at 0x000002B4FC4FFED0>, <snowplow_tracker.self_describing_json.SelfDescribingJson object at 0x000002B4FC4FF9D0>]}


============================== 07:37:37.465995 | 78a79655-2cdc-4ff6-886c-bf1b964ed648 ==============================
[0m07:37:37.465995 [info ] [MainThread]: Running with dbt=1.10.7
[0m07:37:37.467311 [debug] [MainThread]: running dbt with arguments {'printer_width': '80', 'indirect_selection': 'eager', 'write_json': 'True', 'log_cache_events': 'False', 'partial_parse': 'True', 'cache_selected_only': 'False', 'warn_error': 'None', 'debug': 'False', 'fail_fast': 'False', 'log_path': 'logs', 'profiles_dir': 'C:\\Users\\ZacRabie\\.dbt', 'version_check': 'True', 'use_colors': 'True', 'use_experimental_parser': 'False', 'no_print': 'None', 'quiet': 'False', 'empty': 'None', 'log_format': 'default', 'invocation_command': 'dbt init jaffle_shop', 'introspect': 'True', 'static_parser': 'True', 'target_path': 'None', 'warn_error_options': 'WarnErrorOptionsV2(error=[], warn=[], silence=[])', 'send_anonymous_usage_stats': 'True'}
[0m07:37:37.485314 [debug] [MainThread]: Starter project path: C:\repositories\dbt-tutorial\.venv\Lib\site-packages\dbt\include\starter_project
[0m07:37:37.538592 [info ] [MainThread]: 
Your new dbt project "jaffle_shop" was created!

For more information on how to configure the profiles.yml file,
please consult the dbt documentation here:

  https://docs.getdbt.com/docs/configure-your-profile

One more thing:

Need help? Don't hesitate to reach out to us via GitHub issues or on Slack:

  https://community.getdbt.com/

Happy modeling!

[0m07:37:37.539369 [info ] [MainThread]: Setting up your profile.
[0m07:42:28.119701 [info ] [MainThread]: Profile jaffle_shop written to C:\Users\ZacRabie\.dbt\profiles.yml using target's profile_template.yml and your supplied values. Run 'dbt debug' to validate the connection.
[0m07:42:28.120840 [debug] [MainThread]: Command `dbt init` succeeded at 07:42:28.120713 after 290.88 seconds
[0m07:42:28.121150 [debug] [MainThread]: Sending event: {'category': 'dbt', 'action': 'invocation', 'label': 'end', 'context': [<snowplow_tracker.self_describing_json.SelfDescribingJson object at 0x000002B4FE0C1E00>, <snowplow_tracker.self_describing_json.SelfDescribingJson object at 0x000002B4FC7727B0>, <snowplow_tracker.self_describing_json.SelfDescribingJson object at 0x000002B4FE0D07C0>]}
[0m07:42:28.121443 [debug] [MainThread]: Flushing usage events
[0m07:42:29.008261 [debug] [MainThread]: An error was encountered while trying to flush usage events
[0m07:46:57.941947 [debug] [MainThread]: Sending event: {'category': 'dbt', 'action': 'invocation', 'label': 'start', 'context': [<snowplow_tracker.self_describing_json.SelfDescribingJson object at 0x000002C19CDFFB60>, <snowplow_tracker.self_describing_json.SelfDescribingJson object at 0x000002C19DDFFED0>, <snowplow_tracker.self_describing_json.SelfDescribingJson object at 0x000002C19DDFF9D0>]}


============================== 07:46:57.947527 | d8d9a350-e62e-45b8-a8dc-cb1a5c811877 ==============================
[0m07:46:57.947527 [info ] [MainThread]: Running with dbt=1.10.7
[0m07:46:57.948250 [debug] [MainThread]: running dbt with arguments {'printer_width': '80', 'indirect_selection': 'eager', 'log_cache_events': 'False', 'write_json': 'True', 'partial_parse': 'True', 'cache_selected_only': 'False', 'profiles_dir': 'C:\\Users\\ZacRabie\\.dbt', 'fail_fast': 'False', 'debug': 'False', 'log_path': 'logs', 'warn_error': 'None', 'version_check': 'True', 'use_colors': 'True', 'use_experimental_parser': 'False', 'empty': 'None', 'quiet': 'False', 'no_print': 'None', 'warn_error_options': 'WarnErrorOptionsV2(error=[], warn=[], silence=[])', 'static_parser': 'True', 'introspect': 'True', 'invocation_command': 'dbt debug', 'target_path': 'None', 'log_format': 'default', 'send_anonymous_usage_stats': 'True'}
[0m07:46:57.979112 [info ] [MainThread]: dbt version: 1.10.7
[0m07:46:57.979661 [info ] [MainThread]: python version: 3.13.6
[0m07:46:57.980134 [info ] [MainThread]: python path: C:\repositories\dbt-tutorial\.venv\Scripts\python.exe
[0m07:46:57.980465 [info ] [MainThread]: os info: Windows-11-10.0.26100-SP0
[0m07:46:58.274340 [info ] [MainThread]: Using profiles dir at C:\Users\ZacRabie\.dbt
[0m07:46:58.275114 [info ] [MainThread]: Using profiles.yml file at C:\Users\ZacRabie\.dbt\profiles.yml
[0m07:46:58.275476 [info ] [MainThread]: Using dbt_project.yml file at C:\repositories\dbt-tutorial\dbt_project.yml
[0m07:46:58.276221 [info ] [MainThread]: adapter type: snowflake
[0m07:46:58.276977 [info ] [MainThread]: adapter version: 1.10.0
[0m07:46:58.277421 [info ] [MainThread]: Configuration:
[0m07:46:58.277823 [info ] [MainThread]:   profiles.yml file [[32mOK found and valid[0m]
[0m07:46:58.278180 [info ] [MainThread]:   dbt_project.yml file [[31mERROR not found[0m]
[0m07:46:58.278513 [info ] [MainThread]: Required dependencies:
[0m07:46:58.278838 [debug] [MainThread]: Executing "git --help"
[0m07:46:58.327970 [debug] [MainThread]: STDOUT: "b"usage: git [-v | --version] [-h | --help] [-C <path>] [-c <name>=<value>]\n           [--exec-path[=<path>]] [--html-path] [--man-path] [--info-path]\n           [-p | --paginate | -P | --no-pager] [--no-replace-objects] [--no-lazy-fetch]\n           [--no-optional-locks] [--no-advice] [--bare] [--git-dir=<path>]\n           [--work-tree=<path>] [--namespace=<name>] [--config-env=<name>=<envvar>]\n           <command> [<args>]\n\nThese are common Git commands used in various situations:\n\nstart a working area (see also: git help tutorial)\n   clone      Clone a repository into a new directory\n   init       Create an empty Git repository or reinitialize an existing one\n\nwork on the current change (see also: git help everyday)\n   add        Add file contents to the index\n   mv         Move or rename a file, a directory, or a symlink\n   restore    Restore working tree files\n   rm         Remove files from the working tree and from the index\n\nexamine the history and state (see also: git help revisions)\n   bisect     Use binary search to find the commit that introduced a bug\n   diff       Show changes between commits, commit and working tree, etc\n   grep       Print lines matching a pattern\n   log        Show commit logs\n   show       Show various types of objects\n   status     Show the working tree status\n\ngrow, mark and tweak your common history\n   backfill   Download missing objects in a partial clone\n   branch     List, create, or delete branches\n   commit     Record changes to the repository\n   merge      Join two or more development histories together\n   rebase     Reapply commits on top of another base tip\n   reset      Reset current HEAD to the specified state\n   switch     Switch branches\n   tag        Create, list, delete or verify a tag object signed with GPG\n\ncollaborate (see also: git help workflows)\n   fetch      Download objects and refs from another repository\n   pull       Fetch from and integrate with another repository or a local branch\n   push       Update remote refs along with associated objects\n\n'git help -a' and 'git help -g' list available subcommands and some\nconcept guides. See 'git help <command>' or 'git help <concept>'\nto read about a specific subcommand or concept.\nSee 'git help git' for an overview of the system.\n""
[0m07:46:58.328386 [debug] [MainThread]: STDERR: "b''"
[0m07:46:58.328693 [info ] [MainThread]:  - git [[32mOK found[0m]

[0m07:46:58.329155 [info ] [MainThread]: Connection:
[0m07:46:58.329686 [info ] [MainThread]:   account: MP21134
[0m07:46:58.330446 [info ] [MainThread]:   user: ZRABIE
[0m07:46:58.330924 [info ] [MainThread]:   database: DBT_JAFFLE
[0m07:46:58.331998 [info ] [MainThread]:   warehouse: COMPUTE_WH
[0m07:46:58.333350 [info ] [MainThread]:   role: ACCOUNTADMIN
[0m07:46:58.334987 [info ] [MainThread]:   schema: DBT_ZRABIE
[0m07:46:58.336370 [info ] [MainThread]:   authenticator: None
[0m07:46:58.337350 [info ] [MainThread]:   oauth_client_id: None
[0m07:46:58.338267 [info ] [MainThread]:   query_tag: None
[0m07:46:58.339146 [info ] [MainThread]:   client_session_keep_alive: False
[0m07:46:58.339458 [info ] [MainThread]:   host: None
[0m07:46:58.339757 [info ] [MainThread]:   port: None
[0m07:46:58.340039 [info ] [MainThread]:   proxy_host: None
[0m07:46:58.340326 [info ] [MainThread]:   proxy_port: None
[0m07:46:58.341117 [info ] [MainThread]:   protocol: None
[0m07:46:58.341717 [info ] [MainThread]:   connect_retries: 1
[0m07:46:58.342887 [info ] [MainThread]:   connect_timeout: None
[0m07:46:58.344341 [info ] [MainThread]:   retry_on_database_errors: False
[0m07:46:58.345564 [info ] [MainThread]:   retry_all: False
[0m07:46:58.346676 [info ] [MainThread]:   insecure_mode: False
[0m07:46:58.348200 [info ] [MainThread]:   reuse_connections: True
[0m07:46:58.349484 [info ] [MainThread]:   s3_stage_vpce_dns_name: None
[0m07:46:58.351316 [info ] [MainThread]: Registered adapter: snowflake=1.10.0
[0m07:46:58.613774 [debug] [MainThread]: Acquiring new snowflake connection 'debug'
[0m07:47:05.278006 [debug] [MainThread]: Using snowflake connection "debug"
[0m07:47:05.278699 [debug] [MainThread]: On debug: select 1 as id
[0m07:47:05.279155 [debug] [MainThread]: Opening a new connection, currently in state init
[0m07:47:06.780746 [debug] [MainThread]: Snowflake adapter: Error running SQL: select 1 as id
[0m07:47:06.781253 [debug] [MainThread]: Snowflake adapter: Rolling back transaction.
[0m07:47:06.781651 [info ] [MainThread]:   Connection test: [[31mERROR[0m]

[0m07:47:06.782616 [info ] [MainThread]: [31m2 checks failed:[0m
[0m07:47:06.783284 [info ] [MainThread]: Project loading failed for the following reason:
 project path <C:\repositories\dbt-tutorial\dbt_project.yml> not found

[0m07:47:06.783875 [info ] [MainThread]: dbt was unable to connect to the specified database.
The database returned the following error:

  >Database Error
  250003 (08001): 404 Not Found: post https://MP21134.snowflakecomputing.com:443/session/v1/login-request?request_id=f5ddbb0f-079f-4c20-bc5c-89ab9c04ce96&databaseName=DBT_JAFFLE&schemaName=DBT_ZRABIE&warehouse=COMPUTE_WH&roleName=ACCOUNTADMIN&request_guid=f3969aa3-826e-4273-970e-8f4caa7931e9

Check your database credentials and try again. For more information, visit:
https://docs.getdbt.com/docs/configure-your-profile


[0m07:47:06.785005 [debug] [MainThread]: Command `dbt debug` failed at 07:47:06.784880 after 9.04 seconds
[0m07:47:06.785298 [debug] [MainThread]: Connection 'debug' was left open.
[0m07:47:06.785512 [debug] [MainThread]: On debug: No close available on handle
[0m07:47:06.785735 [debug] [MainThread]: Sending event: {'category': 'dbt', 'action': 'invocation', 'label': 'end', 'context': [<snowplow_tracker.self_describing_json.SelfDescribingJson object at 0x000002C19FD3D480>, <snowplow_tracker.self_describing_json.SelfDescribingJson object at 0x000002C19FFC79B0>, <snowplow_tracker.self_describing_json.SelfDescribingJson object at 0x000002C19F9C4D10>]}
[0m07:47:06.786057 [debug] [MainThread]: Flushing usage events
[0m07:47:07.677772 [debug] [MainThread]: An error was encountered while trying to flush usage events
